The system is: Windows - 10.0.22523 - AMD64
Compiling the C compiler identification source file "CMakeCCompilerId.c" succeeded.
Compiler: D:/VS/main/VC/Tools/MSVC/14.29.30133/bin/Hostx86/x86/cl.exe 
Build flags: 
Id flags:  

The output was:
0
用于 x86 的 Microsoft (R) C/C++ 优化编译器 19.29.30136 版
版权所有(C) Microsoft Corporation。保留所有权利。

CMakeCCompilerId.c
Microsoft (R) Incremental Linker Version 14.29.30136.0
Copyright (C) Microsoft Corporation.  All rights reserved.

/out:CMakeCCompilerId.exe 
CMakeCCompilerId.obj 


Compilation of the C compiler identification source "CMakeCCompilerId.c" produced "CMakeCCompilerId.exe"

Compilation of the C compiler identification source "CMakeCCompilerId.c" produced "CMakeCCompilerId.obj"

The C compiler identification is MSVC, found in "C:/Users/boton/CLionProjects/SSEDataStructure/cmake-build-debug/CMakeFiles/3.20.2/CompilerIdC/CMakeCCompilerId.exe"

Compiling the CXX compiler identification source file "CMakeCXXCompilerId.cpp" succeeded.
Compiler: D:/VS/main/VC/Tools/MSVC/14.29.30133/bin/Hostx86/x86/cl.exe 
Build flags: 
Id flags:  

The output was:
0
用于 x86 的 Microsoft (R) C/C++ 优化编译器 19.29.30136 版
版权所有(C) Microsoft Corporation。保留所有权利。

CMakeCXXCompilerId.cpp
Microsoft (R) Incremental Linker Version 14.29.30136.0
Copyright (C) Microsoft Corporation.  All rights reserved.

/out:CMakeCXXCompilerId.exe 
CMakeCXXCompilerId.obj 


Compilation of the CXX compiler identification source "CMakeCXXCompilerId.cpp" produced "CMakeCXXCompilerId.exe"

Compilation of the CXX compiler identification source "CMakeCXXCompilerId.cpp" produced "CMakeCXXCompilerId.obj"

The CXX compiler identification is MSVC, found in "C:/Users/boton/CLionProjects/SSEDataStructure/cmake-build-debug/CMakeFiles/3.20.2/CompilerIdCXX/CMakeCXXCompilerId.exe"

Determining if the C compiler works passed with the following output:
Change Dir: C:/Users/boton/CLionProjects/SSEDataStructure/cmake-build-debug/CMakeFiles/CMakeTmp

Run Build Command(s):nmake -f Makefile /nologo cmTC_355a2\fast && 	D:\VS\main\VC\Tools\MSVC\14.29.30133\bin\HostX86\x86\nmake.exe  -f CMakeFiles\cmTC_355a2.dir\build.make /nologo -L                  CMakeFiles\cmTC_355a2.dir\build
Building C object CMakeFiles/cmTC_355a2.dir/testCCompiler.c.obj
	"D:\Program Files\JetBrains\CLion 2021.2.2\bin\cmake\win\bin\cmake.exe" -E cmake_cl_compile_depends --dep-file=CMakeFiles\cmTC_355a2.dir\testCCompiler.c.obj.d --working-dir=C:\Users\boton\CLionProjects\SSEDataStructure\cmake-build-debug\CMakeFiles\CMakeTmp --filter-prefix="" -- D:\VS\main\VC\Tools\MSVC\14.29.30133\bin\Hostx86\x86\cl.exe @C:\Users\boton\AppData\Local\Temp\nm6674.tmp
Linking C executable cmTC_355a2.exe
	"D:\Program Files\JetBrains\CLion 2021.2.2\bin\cmake\win\bin\cmake.exe" -E vs_link_exe --intdir=CMakeFiles\cmTC_355a2.dir --rc="D:\Windows Kits\10\bin\10.0.19041.0\x86\rc.exe" --mt="D:\Windows Kits\10\bin\10.0.19041.0\x86\mt.exe" --manifests -- D:\VS\main\VC\Tools\MSVC\14.29.30133\bin\Hostx86\x86\link.exe /nologo @CMakeFiles\cmTC_355a2.dir\objects1.rsp @C:\Users\boton\AppData\Local\Temp\nm6711.tmp



Determining if the CXX compiler works passed with the following output:
Change Dir: C:/Users/boton/CLionProjects/SSEDataStructure/cmake-build-debug/CMakeFiles/CMakeTmp

Run Build Command(s):nmake -f Makefile /nologo cmTC_fac55\fast && 	D:\VS\main\VC\Tools\MSVC\14.29.30133\bin\HostX86\x86\nmake.exe  -f CMakeFiles\cmTC_fac55.dir\build.make /nologo -L                  CMakeFiles\cmTC_fac55.dir\build
Building CXX object CMakeFiles/cmTC_fac55.dir/testCXXCompiler.cxx.obj
	"D:\Program Files\JetBrains\CLion 2021.2.2\bin\cmake\win\bin\cmake.exe" -E cmake_cl_compile_depends --dep-file=CMakeFiles\cmTC_fac55.dir\testCXXCompiler.cxx.obj.d --working-dir=C:\Users\boton\CLionProjects\SSEDataStructure\cmake-build-debug\CMakeFiles\CMakeTmp --filter-prefix="" -- D:\VS\main\VC\Tools\MSVC\14.29.30133\bin\Hostx86\x86\cl.exe @C:\Users\boton\AppData\Local\Temp\nm6A4C.tmp
Linking CXX executable cmTC_fac55.exe
	"D:\Program Files\JetBrains\CLion 2021.2.2\bin\cmake\win\bin\cmake.exe" -E vs_link_exe --intdir=CMakeFiles\cmTC_fac55.dir --rc="D:\Windows Kits\10\bin\10.0.19041.0\x86\rc.exe" --mt="D:\Windows Kits\10\bin\10.0.19041.0\x86\mt.exe" --manifests -- D:\VS\main\VC\Tools\MSVC\14.29.30133\bin\Hostx86\x86\link.exe /nologo @CMakeFiles\cmTC_fac55.dir\objects1.rsp @C:\Users\boton\AppData\Local\Temp\nm6AF9.tmp



